<?xml version="1.0" encoding="UTF-8"?>
<!-- Generated by org.testng.reporters.JUnitReportReporter -->
<testsuite skipped="0" hostname="PC393650" name="com.crm.qa.test.ContactPageTest" tests="3" failures="0" timestamp="27 Sep 2018 10:58:18 GMT" time="83.841" errors="0">
  <testcase name="addNewContactTest" time="23.335" classname="com.crm.qa.test.ContactPageTest"/>
  <testcase name="addNewContactTest" time="26.961" classname="com.crm.qa.test.ContactPageTest"/>
  <testcase name="addNewContactTest" time="33.545" classname="com.crm.qa.test.ContactPageTest"/>
</testsuite> <!-- com.crm.qa.test.ContactPageTest -->
