<?xml version="1.0" encoding="UTF-8"?>
<!-- Generated by org.testng.reporters.JUnitReportReporter -->
<testsuite skipped="0" hostname="WL359004" name="com.crm.qa.test.ContactPageTest" tests="1" failures="0" timestamp="17 Jan 2019 12:28:49 GMT" time="24.507" errors="0">
  <testcase name="addNewContactTest" time="24.507" classname="com.crm.qa.test.ContactPageTest"/>
</testsuite> <!-- com.crm.qa.test.ContactPageTest -->
